./fast_fourier_transform_serial --nThreads 1 --nSamples 16 --freq 5 --rSampling 50
Sample Size : 16
Number of threads : 1
Frequency of the sine wave: 5.0 Hz
Sampling rate : 50.0 Hz
Initializing Sine Wave...
Computing FFT...
thread_id, processed_points, time_taken
0, 64, 1.9073e-06
Temp[0,0]=0
Temp[166,166]=6.0966e-13
Temp[332,332]=138.69
Temp[498,498]=600
Temp[664,664]=161.75
Temp[830,830]=1.7838e-12
Temp[249,249]=0.006173
Temp[499,499]=600
Temp[749,749]=0.0075003
Temp[999,999]=0
Time taken (in seconds) : 11.448